<?xml version="1.0" encoding="UTF-8"?>
<testsuite name="com.acme.myblockchain.BlockchainTest" tests="6" skipped="0" failures="0" errors="0" timestamp="2022-04-08T14:51:17" hostname="viktor-IdeaPad-Flex-5-14ALC05" time="0.039">
  <properties/>
  <testcase name="multiple_blocks_in_the_blockchain_is_valid()" classname="com.acme.myblockchain.BlockchainTest" time="0.014"/>
  <testcase name="changing_data_in_a_block_makes_other_blocks_invalid()" classname="com.acme.myblockchain.BlockchainTest" time="0.013"/>
  <testcase name="inserting_a_single_block_in_an_empty_blockchain_is_valid()" classname="com.acme.myblockchain.BlockchainTest" time="0.001"/>
  <testcase name="changing_data_in_a_block_and_recalculating_the_hash_is_valid()" classname="com.acme.myblockchain.BlockchainTest" time="0.001"/>
  <testcase name="changing_data_in_a_block_in_the_blockchain_is_invalid()" classname="com.acme.myblockchain.BlockchainTest" time="0.002"/>
  <testcase name="empty_blockchain_is_valid()" classname="com.acme.myblockchain.BlockchainTest" time="0.001"/>
  <system-out><![CDATA[]]></system-out>
  <system-err><![CDATA[]]></system-err>
</testsuite>
